<?xml version="1.0" encoding="UTF-8"?>
<robot generator="Robot 4.0.3 (Python 3.9.5 on win32)" generated="20210629 22:07:50.362" rpa="false" schemaversion="2">
<suite id="s1" name="Web Automation" source="C:\Users\phati\Desktop\Prime experts\Tests\web_automation.robot">
<test id="s1-t1" name="Caso de Teste 01: Pesquisar produto existente">
<kw name="Abrir navegador" library="resource" type="SETUP">
<kw name="Open Browser" library="SeleniumLibrary">
<arg>browser=${BROWSER}</arg>
<doc>Opens a new browser instance to the optional ``url``.</doc>
<msg timestamp="20210629 22:07:51.933" level="INFO">Opening browser 'chrome' to base url 'None'.</msg>
<status status="PASS" starttime="20210629 22:07:51.933" endtime="20210629 22:07:59.880"/>
</kw>
<kw name="Maximize Browser Window" library="SeleniumLibrary">
<doc>Maximizes current browser window.</doc>
<status status="PASS" starttime="20210629 22:07:59.880" endtime="20210629 22:08:00.045"/>
</kw>
<status status="PASS" starttime="20210629 22:07:51.932" endtime="20210629 22:08:00.046"/>
</kw>
<kw name="Acessar a página home do site Automation Practice" library="resource">
<kw name="Go To" library="SeleniumLibrary">
<arg>${URL}</arg>
<doc>Navigates the current browser window to the provided ``url``.</doc>
<msg timestamp="20210629 22:08:00.049" level="INFO">Opening url 'http://automationpractice.com'</msg>
<status status="PASS" starttime="20210629 22:08:00.048" endtime="20210629 22:08:07.059"/>
</kw>
<kw name="Wait Until Element Is Visible" library="SeleniumLibrary">
<arg>xpath=//*[@id='block_top_menu']/ul</arg>
<doc>Waits until the element ``locator`` is visible.</doc>
<status status="PASS" starttime="20210629 22:08:07.059" endtime="20210629 22:08:07.445"/>
</kw>
<kw name="Title Should Be" library="SeleniumLibrary">
<arg>My Store</arg>
<doc>Verifies that the current page title equals ``title``.</doc>
<msg timestamp="20210629 22:08:07.452" level="INFO">Page title is 'My Store'.</msg>
<status status="PASS" starttime="20210629 22:08:07.446" endtime="20210629 22:08:07.452"/>
</kw>
<status status="PASS" starttime="20210629 22:08:00.047" endtime="20210629 22:08:07.452"/>
</kw>
<kw name="Digitar o nome do produto &quot;Blouse&quot; no campo de pesquisa" library="resource" sourcename="Digitar o nome do produto &quot;${PRODUTO}&quot; no campo de pesquisa">
<kw name="Input Text" library="SeleniumLibrary">
<arg>name=search_query</arg>
<arg>${PRODUTO}</arg>
<doc>Types the given ``text`` into the text field identified by ``locator``.</doc>
<msg timestamp="20210629 22:08:07.458" level="INFO">Typing text 'Blouse' into text field 'name=search_query'.</msg>
<status status="PASS" starttime="20210629 22:08:07.457" endtime="20210629 22:08:08.010"/>
</kw>
<status status="PASS" starttime="20210629 22:08:07.456" endtime="20210629 22:08:08.010"/>
</kw>
<kw name="Clicar no botão pesquisar" library="resource">
<kw name="Click Element" library="SeleniumLibrary">
<arg>name=submit_search</arg>
<doc>Click the element identified by ``locator``.</doc>
<msg timestamp="20210629 22:08:08.013" level="INFO">Clicking element 'name=submit_search'.</msg>
<status status="PASS" starttime="20210629 22:08:08.012" endtime="20210629 22:08:09.942"/>
</kw>
<status status="PASS" starttime="20210629 22:08:08.011" endtime="20210629 22:08:09.942"/>
</kw>
<kw name="Conferir se o produto &quot;Blouse&quot; foi listado no site" library="resource" sourcename="Conferir se o produto &quot;${PRODUTO}&quot; foi listado no site">
<kw name="Title Should Be" library="SeleniumLibrary">
<arg>Search - My Store</arg>
<doc>Verifies that the current page title equals ``title``.</doc>
<msg timestamp="20210629 22:08:09.951" level="INFO">Page title is 'Search - My Store'.</msg>
<status status="PASS" starttime="20210629 22:08:09.944" endtime="20210629 22:08:09.951"/>
</kw>
<kw name="Page Should Contain Image" library="SeleniumLibrary">
<arg>xpath=//*[@id="center_column"]//*[@src="${URL}/img/p/7/7-home_default.jpg"]</arg>
<doc>Verifies image identified by ``locator`` is found from current page.</doc>
<msg timestamp="20210629 22:08:09.996" level="INFO">Current page contains image 'xpath=//*[@id="center_column"]//*[@src="http://automationpractice.com/img/p/7/7-home_default.jpg"]'.</msg>
<status status="PASS" starttime="20210629 22:08:09.951" endtime="20210629 22:08:09.997"/>
</kw>
<status status="PASS" starttime="20210629 22:08:09.943" endtime="20210629 22:08:09.997"/>
</kw>
<kw name="Fechar navegador" library="resource" type="TEARDOWN">
<kw name="Close Browser" library="SeleniumLibrary">
<doc>Closes the current browser.</doc>
<status status="PASS" starttime="20210629 22:08:09.999" endtime="20210629 22:08:12.705"/>
</kw>
<status status="PASS" starttime="20210629 22:08:09.998" endtime="20210629 22:08:12.706"/>
</kw>
<status status="PASS" starttime="20210629 22:07:51.931" endtime="20210629 22:08:12.707"/>
</test>
<doc>Aqui estarão presentes todos os cenários de teste Web.</doc>
<status status="PASS" starttime="20210629 22:07:50.366" endtime="20210629 22:08:12.710"/>
</suite>
<statistics>
<total>
<stat pass="1" fail="0" skip="0">All Tests</stat>
</total>
<tag>
</tag>
<suite>
<stat pass="1" fail="0" skip="0" id="s1" name="Web Automation">Web Automation</stat>
</suite>
</statistics>
<errors>
</errors>
</robot>
